0 info it worked if it ends with ok
1 verbose cli [ '/home/domfarolino/.linuxbrew/Cellar/node/5.6.0/bin/node',
1 verbose cli   '/home/domfarolino/.node/bin/npm',
1 verbose cli   'start' ]
2 info using npm@3.7.5
3 info using node@v5.6.0
4 verbose run-script [ 'prestart', 'start', 'poststart' ]
5 info lifecycle push-notifications@1.0.0~prestart: push-notifications@1.0.0
6 silly lifecycle push-notifications@1.0.0~prestart: no script for prestart, continuing
7 info lifecycle push-notifications@1.0.0~start: push-notifications@1.0.0
8 verbose lifecycle push-notifications@1.0.0~start: unsafe-perm in lifecycle true
9 verbose lifecycle push-notifications@1.0.0~start: PATH: /home/domfarolino/.node/lib/node_modules/npm/bin/node-gyp-bin:/home/domfarolino/Desktop/Git/push-notifications/node_modules/.bin:/home/domfarolino/.linuxbrew/Cellar/node/5.6.0/bin:/home/domfarolino/.node/bin:/home/domfarolino/.linuxbrew/bin:/home/domfarolino/.rvm/gems/ruby-2.2.1/bin:/home/domfarolino/.rvm/gems/ruby-2.2.1@global/bin:/home/domfarolino/.rvm/rubies/ruby-2.2.1/bin:/usr/local/sbin:/usr/local/bin:/usr/sbin:/usr/bin:/sbin:/bin:/usr/games:/usr/local/games:/home/domfarolino/.rvm/bin:/home/domfarolino/.rvm/bin:/home/domfarolino/.rvm/bin:/home/domfarolino/.rvm/bin:/home/domfarolino/.rvm/bin:/home/domfarolino/.rvm/bin:/home/domfarolino/.rvm/bin:/home/domfarolino/.rvm/bin
10 verbose lifecycle push-notifications@1.0.0~start: CWD: /home/domfarolino/Desktop/Git/push-notifications
11 silly lifecycle push-notifications@1.0.0~start: Args: [ '-c', 'node ./bin/www' ]
12 silly lifecycle push-notifications@1.0.0~start: Returned: code: 1  signal: null
13 info lifecycle push-notifications@1.0.0~start: Failed to exec start script
14 verbose stack Error: push-notifications@1.0.0 start: `node ./bin/www`
14 verbose stack Exit status 1
14 verbose stack     at EventEmitter.<anonymous> (/home/domfarolino/.node/lib/node_modules/npm/lib/utils/lifecycle.js:239:16)
14 verbose stack     at emitTwo (events.js:100:13)
14 verbose stack     at EventEmitter.emit (events.js:185:7)
14 verbose stack     at ChildProcess.<anonymous> (/home/domfarolino/.node/lib/node_modules/npm/lib/utils/spawn.js:24:14)
14 verbose stack     at emitTwo (events.js:100:13)
14 verbose stack     at ChildProcess.emit (events.js:185:7)
14 verbose stack     at maybeClose (internal/child_process.js:827:16)
14 verbose stack     at Process.ChildProcess._handle.onexit (internal/child_process.js:211:5)
15 verbose pkgid push-notifications@1.0.0
16 verbose cwd /home/domfarolino/Desktop/Git/push-notifications
17 error Linux 3.19.0-51-generic
18 error argv "/home/domfarolino/.linuxbrew/Cellar/node/5.6.0/bin/node" "/home/domfarolino/.node/bin/npm" "start"
19 error node v5.6.0
20 error npm  v3.7.5
21 error code ELIFECYCLE
22 error push-notifications@1.0.0 start: `node ./bin/www`
22 error Exit status 1
23 error Failed at the push-notifications@1.0.0 start script 'node ./bin/www'.
23 error Make sure you have the latest version of node.js and npm installed.
23 error If you do, this is most likely a problem with the push-notifications package,
23 error not with npm itself.
23 error Tell the author that this fails on your system:
23 error     node ./bin/www
23 error You can get information on how to open an issue for this project with:
23 error     npm bugs push-notifications
23 error Or if that isn't available, you can get their info via:
23 error     npm owner ls push-notifications
23 error There is likely additional logging output above.
24 verbose exit [ 1, true ]
